[2021-06-26T23:19:57.704] [DEBUG] default - fucking error
[2021-06-26T23:20:23.647] [DEBUG] default - fucking error
[2021-06-26T23:46:07.755] [DEBUG] default - fucking error
[2021-06-26T23:46:47.745] [DEBUG] default - fucking error
[2021-06-26T23:48:49.119] [DEBUG] default - fucking error
[2021-06-26T23:50:53.073] [DEBUG] default - fucking error
[2021-06-26T23:51:41.340] [DEBUG] default - fucking error
[2021-06-26T23:52:12.023] [DEBUG] default - fucking error
[2021-06-26T23:52:24.988] [DEBUG] default - fucking error
[2021-06-26T23:53:34.037] [DEBUG] default - fucking error
[2021-06-27T01:19:57.361] [DEBUG] default - fucking error
[2021-06-27T02:29:31.063] [DEBUG] default - fucking error
[2021-06-27T02:34:57.744] [DEBUG] default - fucking error
[2021-06-27T02:42:49.564] [DEBUG] default - fucking error
[2021-06-27T02:44:22.090] [DEBUG] default - fucking error
[2021-06-27T02:44:55.779] [DEBUG] default - fucking error
[2021-06-27T02:45:02.873] [DEBUG] default - fucking error
[2021-06-27T02:45:09.543] [DEBUG] default - fucking error
[2021-06-27T02:45:27.437] [DEBUG] default - fucking error
[2021-06-27T02:48:34.019] [DEBUG] default - fucking error
[2021-06-27T02:49:38.022] [DEBUG] default - fucking error
2021-06-27T02:50:15.211bds 2021-06-27T02:50:15.211 DEBUG default fucking error

2021-06-27T02:50:30.661 2021-06-27T02:50:30.661 DEBUG default fucking error

2021-06-27T02:51:23.833 2021-06-27T02:51:23.833 DEBUG default  fucking error

02:51:47 DEBUG default - fucking error

2021-06-27T02:52:16.641 DEBUG default  L fucking error

2021-06-27T02:52:35.163 DEBUG default  L fucking error

2021-06-27T02:52:59.866 DEBUG default  L fucking error

2021-06-27T02:53:24.994 DEBUG default  L fucking error

2021-06-27T02:53:41.641 DEBUG default  L fucking error

2021-06-27T02:55:09.165 DEBUG default  L fucking error

